Started GET "/" for ::1 at 2025-09-13 22:30:30 +0530
  [1m[35m (4.1ms)[0m  [1m[35mCREATE TABLE "schema_migrations" ("version" varchar NOT NULL PRIMARY KEY)[0m
  [1m[35m (0.2ms)[0m  [1m[35mCREATE TABLE "ar_internal_metadata" ("key" varchar NOT NULL PRIMARY KEY, "value" varchar, "created_at" datetime(6) NOT NULL, "updated_at" datetime(6) NOT NULL)[0m
  [1m[36mActiveRecord::SchemaMigration Load (0.2ms)[0m  [1m[34mSELECT "schema_migrations"."version" FROM "schema_migrations" ORDER BY "schema_migrations"."version" ASC[0m
Processing by Rails::WelcomeController#index as HTML
  Rendering C:/Ruby34-x64/lib/ruby/gems/3.4.0/gems/railties-7.1.5.2/lib/rails/templates/rails/welcome/index.html.erb
  Rendered C:/Ruby34-x64/lib/ruby/gems/3.4.0/gems/railties-7.1.5.2/lib/rails/templates/rails/welcome/index.html.erb (Duration: 1.1ms | Allocations: 341)
Completed 200 OK in 69ms (Views: 18.3ms | ActiveRecord: 0.0ms | Allocations: 8388)


  [1m[36mActiveRecord::InternalMetadata Load (0.1ms)[0m  [1m[34mSELECT * FROM "ar_internal_metadata" WHERE "ar_internal_metadata"."key" = ? ORDER BY "ar_internal_metadata"."key" ASC LIMIT 1[0m  [[nil, "environment"]]
  [1m[36mActiveRecord::InternalMetadata Create (5.4ms)[0m  [1m[32mINSERT INTO "ar_internal_metadata" ("key", "value", "created_at", "updated_at") VALUES ('environment', 'development', '2025-09-13 17:01:56.738541', '2025-09-13 17:01:56.738544') RETURNING "key"[0m
  [1m[36mActiveRecord::SchemaMigration Load (0.1ms)[0m  [1m[34mSELECT "schema_migrations"."version" FROM "schema_migrations" ORDER BY "schema_migrations"."version" ASC[0m
Migrating to CreateStudents (20250913170152)
  [1m[36mTRANSACTION (0.0ms)[0m  [1m[36mbegin transaction[0m
  [1m[35m (0.7ms)[0m  [1m[35mCREATE TABLE "students" ("id" integer PRIMARY KEY AUTOINCREMENT NOT NULL, "enrollment_number" varchar, "first_name" varchar, "last_name" varchar, "date_of_birth" date, "email" varchar, "phone" varchar, "created_at" datetime(6) NOT NULL, "updated_at" datetime(6) NOT NULL)[0m
  [1m[36mActiveRecord::SchemaMigration Create (0.1ms)[0m  [1m[32mINSERT INTO "schema_migrations" ("version") VALUES ('20250913170152') RETURNING "version"[0m
  [1m[36mTRANSACTION (0.2ms)[0m  [1m[36mcommit transaction[0m
  [1m[36mActiveRecord::SchemaMigration Load (0.0ms)[0m  [1m[34mSELECT "schema_migrations"."version" FROM "schema_migrations" ORDER BY "schema_migrations"."version" ASC[0m
Started GET "/" for ::1 at 2025-09-13 22:32:11 +0530
  [1m[36mActiveRecord::SchemaMigration Load (0.1ms)[0m  [1m[34mSELECT "schema_migrations"."version" FROM "schema_migrations" ORDER BY "schema_migrations"."version" ASC[0m
Processing by Rails::WelcomeController#index as HTML
  Rendering C:/Ruby34-x64/lib/ruby/gems/3.4.0/gems/railties-7.1.5.2/lib/rails/templates/rails/welcome/index.html.erb
  Rendered C:/Ruby34-x64/lib/ruby/gems/3.4.0/gems/railties-7.1.5.2/lib/rails/templates/rails/welcome/index.html.erb (Duration: 1.1ms | Allocations: 341)
Completed 200 OK in 27ms (Views: 8.6ms | ActiveRecord: 0.0ms | Allocations: 4915)


Started GET "/students" for ::1 at 2025-09-13 22:32:17 +0530
Processing by StudentsController#index as HTML
  Rendering layout layouts/application.html.erb
  Rendering students/index.html.erb within layouts/application
  [1m[36mStudent Load (0.1ms)[0m  [1m[34mSELECT "students".* FROM "students"[0m
  ↳ app/views/students/index.html.erb:6:in '_app_views_students_index_html_erb___58492465_9024'
  Rendered students/index.html.erb within layouts/application (Duration: 5.4ms | Allocations: 1470)
  Rendered layout layouts/application.html.erb (Duration: 417.5ms | Allocations: 83970)
Completed 500 Internal Server Error in 482ms (ActiveRecord: 1.7ms | Allocations: 94140)


  
ActionView::Template::Error (Permission denied @ rb_file_s_rename - (D:/S-Systems/JSPM/Workspace/jspm/student_registration_app/tmp/cache/assets/sprockets/v4.0.0/Ig/Ig2WqYYXPwmeKmIrc27kdm2Am_4vRpkNjta4HIyMZDI.cache.9128.1716.556776, D:/S-Systems/JSPM/Workspace/jspm/student_registration_app/tmp/cache/assets/sprockets/v4.0.0/Ig/Ig2WqYYXPwmeKmIrc27kdm2Am_4vRpkNjta4HIyMZDI.cache)):
  
sprockets (4.2.2) lib/sprockets/path_utils.rb:362:in 'File.rename'
sprockets (4.2.2) lib/sprockets/path_utils.rb:362:in 'Sprockets::PathUtils#atomic_write'
sprockets (4.2.2) lib/sprockets/cache/file_store.rb:112:in 'Sprockets::Cache::FileStore#set'
sprockets (4.2.2) lib/sprockets/cache.rb:227:in 'Sprockets::Cache::GetWrapper#set'
sprockets (4.2.2) lib/sprockets/cache.rb:143:in 'Sprockets::Cache#set'
sprockets (4.2.2) lib/sprockets/loader.rb:265:in 'Sprockets::Loader#store_asset'
sprockets (4.2.2) lib/sprockets/loader.rb:228:in 'Sprockets::Loader#load_from_unloaded'
sprockets (4.2.2) lib/sprockets/loader.rb:59:in 'block in Sprockets::Loader#load'
sprockets (4.2.2) lib/sprockets/loader.rb:339:in 'Sprockets::Loader#fetch_asset_from_dependency_cache'
sprockets (4.2.2) lib/sprockets/loader.rb:43:in 'Sprockets::Loader#load'
sprockets (4.2.2) lib/sprockets/cached_environment.rb:44:in 'block in Sprockets::CachedEnvironment#load'
concurrent-ruby (1.3.5) lib/concurrent-ruby/concurrent/map.rb:207:in 'block in Concurrent::Map#fetch_or_store'
concurrent-ruby (1.3.5) lib/concurrent-ruby/concurrent/map.rb:187:in 'Concurrent::Map#fetch'
concurrent-ruby (1.3.5) lib/concurrent-ruby/concurrent/map.rb:206:in 'Concurrent::Map#fetch_or_store'
sprockets (4.2.2) lib/sprockets/cached_environment.rb:44:in 'Sprockets::CachedEnvironment#load'
sprockets (4.2.2) lib/sprockets/context.rb:117:in 'Sprockets::Context#load'
sprockets (4.2.2) lib/sprockets/context.rb:145:in 'Sprockets::Context#depend_on_asset'
sprockets (4.2.2) lib/sprockets/context.rb:185:in 'Sprockets::Context#link_asset'
sprockets-rails (3.5.2) lib/sprockets/rails/context.rb:27:in 'Sprockets::Rails::Context#compute_asset_path'
actionview (7.1.5.2) lib/action_view/helpers/asset_url_helper.rb:204:in 'ActionView::Helpers::AssetUrlHelper#asset_path'
sprockets-rails (3.5.2) lib/sprockets/rails/sourcemapping_url_processor.rb:41:in 'Sprockets::Rails::SourcemappingUrlProcessor.sourcemap_asset_path'
sprockets-rails (3.5.2) lib/sprockets/rails/sourcemapping_url_processor.rb:34:in 'Sprockets::Rails::SourcemappingUrlProcessor.resolved_sourcemap_comment'
sprockets-rails (3.5.2) lib/sprockets/rails/sourcemapping_url_processor.rb:15:in 'block in Sprockets::Rails::SourcemappingUrlProcessor.call'
sprockets-rails (3.5.2) lib/sprockets/rails/sourcemapping_url_processor.rb:11:in 'String#gsub'
sprockets-rails (3.5.2) lib/sprockets/rails/sourcemapping_url_processor.rb:11:in 'Sprockets::Rails::SourcemappingUrlProcessor.call'
sprockets (4.2.2) lib/sprockets/processor_utils.rb:84:in 'Sprockets::ProcessorUtils#call_processor'
sprockets (4.2.2) lib/sprockets/processor_utils.rb:66:in 'block in Sprockets::ProcessorUtils#call_processors'
sprockets (4.2.2) lib/sprockets/processor_utils.rb:65:in 'Array#reverse_each'
sprockets (4.2.2) lib/sprockets/processor_utils.rb:65:in 'Sprockets::ProcessorUtils#call_processors'
sprockets (4.2.2) lib/sprockets/loader.rb:184:in 'Sprockets::Loader#load_from_unloaded'
sprockets (4.2.2) lib/sprockets/loader.rb:59:in 'block in Sprockets::Loader#load'
sprockets (4.2.2) lib/sprockets/loader.rb:339:in 'Sprockets::Loader#fetch_asset_from_dependency_cache'
sprockets (4.2.2) lib/sprockets/loader.rb:43:in 'Sprockets::Loader#load'
sprockets (4.2.2) lib/sprockets/cached_environment.rb:44:in 'block in Sprockets::CachedEnvironment#load'
concurrent-ruby (1.3.5) lib/concurrent-ruby/concurrent/map.rb:207:in 'block in Concurrent::Map#fetch_or_store'
concurrent-ruby (1.3.5) lib/concurrent-ruby/concurrent/map.rb:187:in 'Concurrent::Map#fetch'
concurrent-ruby (1.3.5) lib/concurrent-ruby/concurrent/map.rb:206:in 'Concurrent::Map#fetch_or_store'
sprockets (4.2.2) lib/sprockets/cached_environment.rb:44:in 'Sprockets::CachedEnvironment#load'
sprockets (4.2.2) lib/sprockets/bundle.rb:27:in 'Sprockets::Bundle.call'
sprockets (4.2.2) lib/sprockets/processor_utils.rb:84:in 'Sprockets::ProcessorUtils#call_processor'
sprockets (4.2.2) lib/sprockets/processor_utils.rb:66:in 'block in Sprockets::ProcessorUtils#call_processors'
sprockets (4.2.2) lib/sprockets/processor_utils.rb:65:in 'Array#reverse_each'
sprockets (4.2.2) lib/sprockets/processor_utils.rb:65:in 'Sprockets::ProcessorUtils#call_processors'
sprockets (4.2.2) lib/sprockets/loader.rb:184:in 'Sprockets::Loader#load_from_unloaded'
sprockets (4.2.2) lib/sprockets/loader.rb:59:in 'block in Sprockets::Loader#load'
sprockets (4.2.2) lib/sprockets/loader.rb:339:in 'Sprockets::Loader#fetch_asset_from_dependency_cache'
sprockets (4.2.2) lib/sprockets/loader.rb:43:in 'Sprockets::Loader#load'
sprockets (4.2.2) lib/sprockets/cached_environment.rb:44:in 'block in Sprockets::CachedEnvironment#load'
concurrent-ruby (1.3.5) lib/concurrent-ruby/concurrent/map.rb:207:in 'block in Concurrent::Map#fetch_or_store'
concurrent-ruby (1.3.5) lib/concurrent-ruby/concurrent/map.rb:187:in 'Concurrent::Map#fetch'
concurrent-ruby (1.3.5) lib/concurrent-ruby/concurrent/map.rb:206:in 'Concurrent::Map#fetch_or_store'
sprockets (4.2.2) lib/sprockets/cached_environment.rb:44:in 'Sprockets::CachedEnvironment#load'
sprockets (4.2.2) lib/sprockets/base.rb:81:in 'Sprockets::Base#find_asset'
sprockets (4.2.2) lib/sprockets/base.rb:88:in 'Sprockets::Base#find_all_linked_assets'
sprockets (4.2.2) lib/sprockets/manifest.rb:125:in 'Enumerator#each'
sprockets (4.2.2) lib/sprockets/manifest.rb:125:in 'Enumerable#to_a'
sprockets (4.2.2) lib/sprockets/manifest.rb:125:in 'block (2 levels) in Sprockets::Manifest#find'
concurrent-ruby (1.3.5) lib/concurrent-ruby/concurrent/executor/safe_task_executor.rb:24:in 'block in Concurrent::SafeTaskExecutor#execute'
concurrent-ruby (1.3.5) lib/concurrent-ruby/concurrent/synchronization/mutex_lockable_object.rb:48:in 'block in Concurrent::Synchronization::MutexLockableObject#synchronize'
concurrent-ruby (1.3.5) lib/concurrent-ruby/concurrent/synchronization/mutex_lockable_object.rb:48:in 'Thread::Mutex#synchronize'
concurrent-ruby (1.3.5) lib/concurrent-ruby/concurrent/synchronization/mutex_lockable_object.rb:48:in 'Concurrent::Synchronization::MutexLockableObject#synchronize'
concurrent-ruby (1.3.5) lib/concurrent-ruby/concurrent/executor/safe_task_executor.rb:22:in 'Concurrent::SafeTaskExecutor#execute'
concurrent-ruby (1.3.5) lib/concurrent-ruby/concurrent/promise.rb:564:in 'block in Concurrent::Promise#realize'
concurrent-ruby (1.3.5) lib/concurrent-ruby/concurrent/executor/ruby_thread_pool_executor.rb:359:in 'Concurrent::RubyThreadPoolExecutor::Worker#run_task'
concurrent-ruby (1.3.5) lib/concurrent-ruby/concurrent/executor/ruby_thread_pool_executor.rb:350:in 'block (3 levels) in Concurrent::RubyThreadPoolExecutor::Worker#create_worker'
<internal:kernel>:168:in 'Kernel#loop'
concurrent-ruby (1.3.5) lib/concurrent-ruby/concurrent/executor/ruby_thread_pool_executor.rb:341:in 'block (2 levels) in Concurrent::RubyThreadPoolExecutor::Worker#create_worker'
concurrent-ruby (1.3.5) lib/concurrent-ruby/concurrent/executor/ruby_thread_pool_executor.rb:340:in 'Kernel#catch'
concurrent-ruby (1.3.5) lib/concurrent-ruby/concurrent/executor/ruby_thread_pool_executor.rb:340:in 'block in Concurrent::RubyThreadPoolExecutor::Worker#create_worker'
Started GET "/students" for ::1 at 2025-09-13 22:32:19 +0530
Processing by StudentsController#index as HTML
  Rendering layout layouts/application.html.erb
  Rendering students/index.html.erb within layouts/application
  [1m[36mStudent Load (0.1ms)[0m  [1m[34mSELECT "students".* FROM "students"[0m
  ↳ app/views/students/index.html.erb:6:in '_app_views_students_index_html_erb___58492465_9024'
  Rendered students/index.html.erb within layouts/application (Duration: 1.8ms | Allocations: 512)
  Rendered layout layouts/application.html.erb (Duration: 83.0ms | Allocations: 39012)
Completed 200 OK in 85ms (Views: 83.8ms | ActiveRecord: 0.1ms | Allocations: 39279)


Started GET "/students" for ::1 at 2025-09-13 22:32:21 +0530
Processing by StudentsController#index as HTML
  Rendering layout layouts/application.html.erb
  Rendering students/index.html.erb within layouts/application
  [1m[36mStudent Load (0.1ms)[0m  [1m[34mSELECT "students".* FROM "students"[0m
  ↳ app/views/students/index.html.erb:6:in '_app_views_students_index_html_erb___58492465_9024'
  Rendered students/index.html.erb within layouts/application (Duration: 27.9ms | Allocations: 3241)
  Rendered layout layouts/application.html.erb (Duration: 31.4ms | Allocations: 4314)
Completed 200 OK in 34ms (Views: 32.2ms | ActiveRecord: 0.1ms | Allocations: 4568)


